#
# A fatal error has been detected by the Java Runtime Environment:
#
#  EXCEPTION_ACCESS_VIOLATION (0xc0000005) at pc=0x00007ffed5165e44, pid=24588, tid=0x0000000000004ee4
#
# JRE version: Java(TM) SE Runtime Environment (8.0_211-b12) (build 1.8.0_211-b12)
# Java VM: Java HotSpot(TM) 64-Bit Server VM (25.211-b12 mixed mode windows-amd64 compressed oops)
# Problematic frame:
# C  [Nahimic2OSD.dll+0x5e44]
#
# Failed to write core dump. Minidumps are not enabled by default on client versions of Windows
#
# If you would like to submit a bug report, please visit:
#   http://bugreport.java.com/bugreport/crash.jsp
# The crash happened outside the Java Virtual Machine in native code.
# See problematic frame for where to report the bug.
#

---------------  T H R E A D  ---------------

Current thread (0x0000000002f16000):  JavaThread "Client thread" [_thread_in_native, id=20196, stack(0x0000000002e10000,0x0000000002f10000)]

siginfo: ExceptionCode=0xc0000005, reading address 0x0000000020f30020

Registers:
RAX=0x000074dfa60c6720, RBX=0x00007ffed51a56d0, RCX=0x0000000020f30020, RDX=0x0000000002f0da00
RSP=0x0000000002f0d580, RBP=0x0000000000000002, RSI=0x0000000002f0da00, RDI=0x0000000020f30020
R8 =0x0000000002f0d9c0, R9 =0x0000000000000020, R10=0x00007ffedddda4e0, R11=0x0000000000000011
R12=0x0000000000000000, R13=0x0000000023757878, R14=0x00000000001e0c24, R15=0x0000000002f16000
RIP=0x00007ffed5165e44, EFLAGS=0x0000000000010202

Top of Stack: (sp=0x0000000002f0d580)
0x0000000002f0d580:   0000000000d86000 0000000002f0d6d8
0x0000000002f0d590:   0000000000000000 0000000002f0d601
0x0000000002f0d5a0:   fffffffffffffffe 00007ffeddc8556f
0x0000000002f0d5b0:   0000000000000000 0000000002f0d740
0x0000000002f0d5c0:   0000000000d86000 0000000002f0d718
0x0000000002f0d5d0:   0000000000000000 0000000002f0d701
0x0000000002f0d5e0:   0000000002f0d9e0 00007ffeddc8556f
0x0000000002f0d5f0:   0000000000000000 0000000002f0d701
0x0000000002f0d600:   0000000000bd0000 0000000002f0d740
0x0000000002f0d610:   0000000002f0d650 0000000000000000
0x0000000002f0d620:   0000000000000000 0000000000000000
0x0000000002f0d630:   0000000000000000 0000000000000000
0x0000000002f0d640:   0000000000000000 0000000000000000
0x0000000002f0d650:   0000000000000000 00007ffeddc85858
0x0000000002f0d660:   0000000002f0d740 0000000000000000
0x0000000002f0d670:   0000000002f0d9e0 0000000000000000 

Instructions: (pc=0x00007ffed5165e44)
0x00007ffed5165e24:   48 89 58 18 48 89 70 20 48 8b 05 6d a3 03 00 48
0x00007ffed5165e34:   33 c4 48 89 84 24 30 04 00 00 48 8b f2 48 8b f9
0x00007ffed5165e44:   48 83 39 00 74 7f 48 83 c1 08 ff 15 3c 82 02 00
0x00007ffed5165e54:   48 8b d8 48 85 c0 74 6d 41 b8 00 02 00 00 48 8d 


Register to memory mapping:

RAX=0x000074dfa60c6720 is an unknown value
RBX=0x00007ffed51a56d0 is an unknown value
RCX=0x0000000020f30020 is an unknown value
RDX=0x0000000002f0da00 is pointing into the stack for thread: 0x0000000002f16000
RSP=0x0000000002f0d580 is pointing into the stack for thread: 0x0000000002f16000
RBP=0x0000000000000002 is an unknown value
RSI=0x0000000002f0da00 is pointing into the stack for thread: 0x0000000002f16000
RDI=0x0000000020f30020 is an unknown value
R8 =0x0000000002f0d9c0 is pointing into the stack for thread: 0x0000000002f16000
R9 =0x0000000000000020 is an unknown value
R10=0x00007ffedddda4e0 is an unknown value
R11=0x0000000000000011 is an unknown value
R12=0x0000000000000000 is an unknown value
R13=0x0000000023757878 is pointing into metadata
R14=0x00000000001e0c24 is an unknown value
R15=0x0000000002f16000 is a thread


Stack: [0x0000000002e10000,0x0000000002f10000],  sp=0x0000000002f0d580,  free space=1013k
Native frames: (J=compiled Java code, j=interpreted, Vv=VM code, C=native code)
C  [Nahimic2OSD.dll+0x5e44]
C  [Nahimic2OSD.dll+0xc044]
C  [Nahimic2OSD.dll+0x64b2]
C  [Nahimic2OSD.dll+0x5b9a]
C  [Nahimic2OSD.dll+0x33e5]
C  [Nahimic2OSD.dll+0x11feb]
C  [Nahimic2OSD.dll+0xd44e]
C  [Nahimic2OSD.dll+0x7779]
C  [Nahimic2OSD.dll+0x6786]
C  [Nahimic2OSD.dll+0x65b7]
C  [gdi32full.dll+0x74a2e]
C  0x0000000003028c67

Java frames: (J=compiled Java code, j=interpreted, Vv=VM code)
j  org.lwjgl.opengl.WindowsContextImplementation.nSwapBuffers(Ljava/nio/ByteBuffer;)V+0
j  org.lwjgl.opengl.WindowsContextImplementation.swapBuffers()V+35
j  org.lwjgl.opengl.ContextGL.swapBuffers()V+3
j  org.lwjgl.opengl.DrawableGL.swapBuffers()V+0
j  org.lwjgl.opengl.Display.swapBuffers()V+39
j  org.lwjgl.opengl.Display.update(Z)V+44
j  org.lwjgl.opengl.Display.update()V+1
j  org.lwjgl.opengl.Display.initContext()V+17
j  org.lwjgl.opengl.Display.create(Lorg/lwjgl/opengl/PixelFormat;Lorg/lwjgl/opengl/Drawable;Lorg/lwjgl/opengl/ContextAttribs;)V+111
j  org.lwjgl.opengl.Display.create(Lorg/lwjgl/opengl/PixelFormat;)V+12
j  net.minecraft.client.Minecraft.createDisplay()V+22
j  net.minecraft.client.Minecraft.init()V+115
j  net.minecraft.client.Minecraft.run()V+6
j  net.minecraft.client.main.Main.main([Ljava/lang/String;)V+1094
v  ~StubRoutines::call_stub
j  sun.reflect.NativeMethodAccessorImpl.invoke0(Ljava/lang/reflect/Method;Ljava/lang/Object;[Ljava/lang/Object;)Ljava/lang/Object;+0
j  sun.reflect.NativeMethodAccessorImpl.invoke(Ljava/lang/Object;[Ljava/lang/Object;)Ljava/lang/Object;+100
j  sun.reflect.DelegatingMethodAccessorImpl.invoke(Ljava/lang/Object;[Ljava/lang/Object;)Ljava/lang/Object;+6
j  java.lang.reflect.Method.invoke(Ljava/lang/Object;[Ljava/lang/Object;)Ljava/lang/Object;+56
j  net.minecraft.launchwrapper.Launch.launch([Ljava/lang/String;)V+661
j  net.minecraft.launchwrapper.Launch.main([Ljava/lang/String;)V+8
v  ~StubRoutines::call_stub
j  sun.reflect.NativeMethodAccessorImpl.invoke0(Ljava/lang/reflect/Method;Ljava/lang/Object;[Ljava/lang/Object;)Ljava/lang/Object;+0
j  sun.reflect.NativeMethodAccessorImpl.invoke(Ljava/lang/Object;[Ljava/lang/Object;)Ljava/lang/Object;+100
j  sun.reflect.DelegatingMethodAccessorImpl.invoke(Ljava/lang/Object;[Ljava/lang/Object;)Ljava/lang/Object;+6
j  java.lang.reflect.Method.invoke(Ljava/lang/Object;[Ljava/lang/Object;)Ljava/lang/Object;+56
j  net.minecraftforge.gradle.GradleStartCommon.launch([Ljava/lang/String;)V+169
j  GradleStart.main([Ljava/lang/String;)V+11
v  ~StubRoutines::call_stub

---------------  P R O C E S S  ---------------

Java Threads: ( => current thread )
  0x000000001dcf8000 JavaThread "Java2D Disposer" daemon [_thread_blocked, id=23412, stack(0x00000000235f0000,0x00000000236f0000)]
  0x00000000203d5800 JavaThread "Timer hack thread" daemon [_thread_blocked, id=11648, stack(0x00000000209e0000,0x0000000020ae0000)]
  0x000000001e9a9000 JavaThread "Snooper Timer" daemon [_thread_blocked, id=18908, stack(0x0000000020860000,0x0000000020960000)]
  0x000000001c4ae800 JavaThread "Service Thread" daemon [_thread_blocked, id=25736, stack(0x000000001d000000,0x000000001d100000)]
  0x000000001c456800 JavaThread "C1 CompilerThread3" daemon [_thread_blocked, id=26876, stack(0x000000001cf00000,0x000000001d000000)]
  0x000000001c433000 JavaThread "C2 CompilerThread2" daemon [_thread_blocked, id=21004, stack(0x000000001ce00000,0x000000001cf00000)]
  0x000000001c426000 JavaThread "C2 CompilerThread1" daemon [_thread_blocked, id=8844, stack(0x000000001cd00000,0x000000001ce00000)]
  0x000000001c422800 JavaThread "C2 CompilerThread0" daemon [_thread_blocked, id=22552, stack(0x000000001cc00000,0x000000001cd00000)]
  0x000000001c420800 JavaThread "Attach Listener" daemon [_thread_blocked, id=16096, stack(0x000000001cb00000,0x000000001cc00000)]
  0x000000001c41f000 JavaThread "Signal Dispatcher" daemon [_thread_blocked, id=13640, stack(0x000000001ca00000,0x000000001cb00000)]
  0x000000000300d800 JavaThread "Finalizer" daemon [_thread_blocked, id=7196, stack(0x000000001c7f0000,0x000000001c8f0000)]
  0x000000000300c000 JavaThread "Reference Handler" daemon [_thread_blocked, id=10096, stack(0x000000001c2f0000,0x000000001c3f0000)]
=>0x0000000002f16000 JavaThread "Client thread" [_thread_in_native, id=20196, stack(0x0000000002e10000,0x0000000002f10000)]

Other Threads:
  0x000000001a509800 VMThread [stack: 0x000000001c1f0000,0x000000001c2f0000] [id=1696]
  0x000000001c4b1000 WatcherThread [stack: 0x000000001d100000,0x000000001d200000] [id=25120]

VM state:not at safepoint (normal execution)

VM Mutex/Monitor currently owned by a thread: None

heap address: 0x0000000701e00000, size: 3042 MB, Compressed Oops mode: Zero based, Oop shift amount: 3
Narrow klass base: 0x0000000000000000, Narrow klass shift: 3
Compressed class space size: 1073741824 Address: 0x00000007c0000000

Heap:
 PSYoungGen      total 263168K, used 59232K [0x0000000780a00000, 0x0000000797f80000, 0x00000007c0000000)
  eden space 239616K, 18% used [0x0000000780a00000,0x0000000783675b20,0x000000078f400000)
  from space 23552K, 58% used [0x000000078f400000,0x0000000790162808,0x0000000790b00000)
  to   space 23040K, 0% used [0x0000000796900000,0x0000000796900000,0x0000000797f80000)
 ParOldGen       total 117760K, used 64356K [0x0000000701e00000, 0x0000000709100000, 0x0000000780a00000)
  object space 117760K, 54% used [0x0000000701e00000,0x0000000705cd9208,0x0000000709100000)
 Metaspace       used 34009K, capacity 34435K, committed 34816K, reserved 1079296K
  class space    used 4638K, capacity 4784K, committed 4864K, reserved 1048576K

Card table byte_map: [0x00000000123d0000,0x00000000129d0000] byte_map_base: 0x000000000ebc1000

Marking Bits: (ParMarkBitMap*) 0x0000000074a05ce0
 Begin Bits: [0x00000000135d0000, 0x0000000016558000)
 End Bits:   [0x0000000016558000, 0x00000000194e0000)

Polling page: 0x0000000002c40000

CodeCache: size=245760Kb used=11870Kb max_used=11882Kb free=233889Kb
 bounds [0x0000000003010000, 0x0000000003bc0000, 0x0000000012010000]
 total_blobs=3948 nmethods=3316 adapters=544
 compilation: enabled

Compilation events (10 events):
Event: 20.783 Thread 0x000000001c426000 3881   !   4       sun.nio.cs.ISO_8859_1$Encoder::encodeBufferLoop (135 bytes)
Event: 20.791 Thread 0x000000001c426000 nmethod 3881 0x0000000003bb7b90 code [0x0000000003bb7d00, 0x0000000003bb80e8]
Event: 20.805 Thread 0x000000001c456800 3882       1       sun.nio.cs.ISO_8859_1$Encoder::implReplaceWith (8 bytes)
Event: 20.805 Thread 0x000000001c456800 nmethod 3882 0x0000000003bb7850 code [0x0000000003bb79a0, 0x0000000003bb7ad0]
Event: 20.805 Thread 0x000000001c456800 3883       1       java.nio.charset.CharsetEncoder::implReset (1 bytes)
Event: 20.805 Thread 0x000000001c456800 nmethod 3883 0x0000000003bb7590 code [0x0000000003bb76e0, 0x0000000003bb77f0]
Event: 20.808 Thread 0x000000001c433000 3884       4       org.lwjgl.MemoryUtil$CharSequenceNT::length (12 bytes)
Event: 20.808 Thread 0x000000001c433000 nmethod 3884 0x0000000003bb5d90 code [0x0000000003bb5ee0, 0x0000000003bb5f98]
Event: 20.827 Thread 0x000000001c422800 3885       4       java.util.HashSet::contains (9 bytes)
Event: 20.833 Thread 0x000000001c422800 nmethod 3885 0x0000000003bb5490 code [0x0000000003bb5600, 0x0000000003bb5938]

GC Heap History (10 events):
Event: 9.839 GC heap before
{Heap before GC invocations=13 (full 2):
 PSYoungGen      total 146432K, used 12498K [0x0000000780a00000, 0x000000078de00000, 0x00000007c0000000)
  eden space 120832K, 0% used [0x0000000780a00000,0x0000000780a00000,0x0000000788000000)
  from space 25600K, 48% used [0x0000000788000000,0x0000000788c34ad0,0x0000000789900000)
  to   space 24576K, 0% used [0x000000078c600000,0x000000078c600000,0x000000078de00000)
 ParOldGen       total 131072K, used 56491K [0x0000000701e00000, 0x0000000709e00000, 0x0000000780a00000)
  object space 131072K, 43% used [0x0000000701e00000,0x000000070552af38,0x0000000709e00000)
 Metaspace       used 20881K, capacity 21128K, committed 21248K, reserved 1067008K
  class space    used 2627K, capacity 2725K, committed 2816K, reserved 1048576K
Event: 9.917 GC heap after
Heap after GC invocations=13 (full 2):
 PSYoungGen      total 146432K, used 0K [0x0000000780a00000, 0x000000078de00000, 0x00000007c0000000)
  eden space 120832K, 0% used [0x0000000780a00000,0x0000000780a00000,0x0000000788000000)
  from space 25600K, 0% used [0x0000000788000000,0x0000000788000000,0x0000000789900000)
  to   space 24576K, 0% used [0x000000078c600000,0x000000078c600000,0x000000078de00000)
 ParOldGen       total 117760K, used 44384K [0x0000000701e00000, 0x0000000709100000, 0x0000000780a00000)
  object space 117760K, 37% used [0x0000000701e00000,0x00000007049580c8,0x0000000709100000)
 Metaspace       used 20881K, capacity 21128K, committed 21248K, reserved 1067008K
  class space    used 2627K, capacity 2725K, committed 2816K, reserved 1048576K
}
Event: 11.319 GC heap before
{Heap before GC invocations=14 (full 2):
 PSYoungGen      total 146432K, used 120832K [0x0000000780a00000, 0x000000078de00000, 0x00000007c0000000)
  eden space 120832K, 100% used [0x0000000780a00000,0x0000000788000000,0x0000000788000000)
  from space 25600K, 0% used [0x0000000788000000,0x0000000788000000,0x0000000789900000)
  to   space 24576K, 0% used [0x000000078c600000,0x000000078c600000,0x000000078de00000)
 ParOldGen       total 117760K, used 44384K [0x0000000701e00000, 0x0000000709100000, 0x0000000780a00000)
  object space 117760K, 37% used [0x0000000701e00000,0x00000007049580c8,0x0000000709100000)
 Metaspace       used 23694K, capacity 24072K, committed 24448K, reserved 1071104K
  class space    used 2957K, capacity 3087K, committed 3200K, reserved 1048576K
Event: 11.342 GC heap after
Heap after GC invocations=14 (full 2):
 PSYoungGen      total 192000K, used 4119K [0x0000000780a00000, 0x000000078e880000, 0x00000007c0000000)
  eden space 167424K, 0% used [0x0000000780a00000,0x0000000780a00000,0x000000078ad80000)
  from space 24576K, 16% used [0x000000078c600000,0x000000078ca05de0,0x000000078de00000)
  to   space 25088K, 0% used [0x000000078ad80000,0x000000078ad80000,0x000000078c600000)
 ParOldGen       total 117760K, used 44392K [0x0000000701e00000, 0x0000000709100000, 0x0000000780a00000)
  object space 117760K, 37% used [0x0000000701e00000,0x000000070495a0c8,0x0000000709100000)
 Metaspace       used 23694K, capacity 24072K, committed 24448K, reserved 1071104K
  class space    used 2957K, capacity 3087K, committed 3200K, reserved 1048576K
}
Event: 13.639 GC heap before
{Heap before GC invocations=15 (full 2):
 PSYoungGen      total 192000K, used 171543K [0x0000000780a00000, 0x000000078e880000, 0x00000007c0000000)
  eden space 167424K, 100% used [0x0000000780a00000,0x000000078ad80000,0x000000078ad80000)
  from space 24576K, 16% used [0x000000078c600000,0x000000078ca05de0,0x000000078de00000)
  to   space 25088K, 0% used [0x000000078ad80000,0x000000078ad80000,0x000000078c600000)
 ParOldGen       total 117760K, used 44392K [0x0000000701e00000, 0x0000000709100000, 0x0000000780a00000)
  object space 117760K, 37% used [0x0000000701e00000,0x000000070495a0c8,0x0000000709100000)
 Metaspace       used 25813K, capacity 26120K, committed 26368K, reserved 1073152K
  class space    used 3357K, capacity 3471K, committed 3584K, reserved 1048576K
Event: 13.654 GC heap after
Heap after GC invocations=15 (full 2):
 PSYoungGen      total 192512K, used 12328K [0x0000000780a00000, 0x0000000792580000, 0x00000007c0000000)
  eden space 167424K, 0% used [0x0000000780a00000,0x0000000780a00000,0x000000078ad80000)
  from space 25088K, 49% used [0x000000078ad80000,0x000000078b98a030,0x000000078c600000)
  to   space 24064K, 0% used [0x0000000790e00000,0x0000000790e00000,0x0000000792580000)
 ParOldGen       total 117760K, used 46990K [0x0000000701e00000, 0x0000000709100000, 0x0000000780a00000)
  object space 117760K, 39% used [0x0000000701e00000,0x0000000704be3800,0x0000000709100000)
 Metaspace       used 25813K, capacity 26120K, committed 26368K, reserved 1073152K
  class space    used 3357K, capacity 3471K, committed 3584K, reserved 1048576K
}
Event: 15.071 GC heap before
{Heap before GC invocations=16 (full 2):
 PSYoungGen      total 192512K, used 179752K [0x0000000780a00000, 0x0000000792580000, 0x00000007c0000000)
  eden space 167424K, 100% used [0x0000000780a00000,0x000000078ad80000,0x000000078ad80000)
  from space 25088K, 49% used [0x000000078ad80000,0x000000078b98a030,0x000000078c600000)
  to   space 24064K, 0% used [0x0000000790e00000,0x0000000790e00000,0x0000000792580000)
 ParOldGen       total 117760K, used 46990K [0x0000000701e00000, 0x0000000709100000, 0x0000000780a00000)
  object space 117760K, 39% used [0x0000000701e00000,0x0000000704be3800,0x0000000709100000)
 Metaspace       used 27489K, capacity 27752K, committed 27904K, reserved 1073152K
  class space    used 3717K, capacity 3823K, committed 3840K, reserved 1048576K
Event: 15.095 GC heap after
Heap after GC invocations=16 (full 2):
 PSYoungGen      total 260096K, used 9079K [0x0000000780a00000, 0x0000000792200000, 0x00000007c0000000)
  eden space 239616K, 0% used [0x0000000780a00000,0x0000000780a00000,0x000000078f400000)
  from space 20480K, 44% used [0x0000000790e00000,0x00000007916dde60,0x0000000792200000)
  to   space 23552K, 0% used [0x000000078f400000,0x000000078f400000,0x0000000790b00000)
 ParOldGen       total 117760K, used 57064K [0x0000000701e00000, 0x0000000709100000, 0x0000000780a00000)
  object space 117760K, 48% used [0x0000000701e00000,0x00000007055ba110,0x0000000709100000)
 Metaspace       used 27489K, capacity 27752K, committed 27904K, reserved 1073152K
  class space    used 3717K, capacity 3823K, committed 3840K, reserved 1048576K
}
Event: 18.285 GC heap before
{Heap before GC invocations=17 (full 2):
 PSYoungGen      total 260096K, used 248695K [0x0000000780a00000, 0x0000000792200000, 0x00000007c0000000)
  eden space 239616K, 100% used [0x0000000780a00000,0x000000078f400000,0x000000078f400000)
  from space 20480K, 44% used [0x0000000790e00000,0x00000007916dde60,0x0000000792200000)
  to   space 23552K, 0% used [0x000000078f400000,0x000000078f400000,0x0000000790b00000)
 ParOldGen       total 117760K, used 57064K [0x0000000701e00000, 0x0000000709100000, 0x0000000780a00000)
  object space 117760K, 48% used [0x0000000701e00000,0x00000007055ba110,0x0000000709100000)
 Metaspace       used 31450K, capacity 31764K, committed 32000K, reserved 1077248K
  class space    used 4414K, capacity 4542K, committed 4608K, reserved 1048576K
Event: 18.306 GC heap after
Heap after GC invocations=17 (full 2):
 PSYoungGen      total 263168K, used 13706K [0x0000000780a00000, 0x0000000797f80000, 0x00000007c0000000)
  eden space 239616K, 0% used [0x0000000780a00000,0x0000000780a00000,0x000000078f400000)
  from space 23552K, 58% used [0x000000078f400000,0x0000000790162808,0x0000000790b00000)
  to   space 23040K, 0% used [0x0000000796900000,0x0000000796900000,0x0000000797f80000)
 ParOldGen       total 117760K, used 64356K [0x0000000701e00000, 0x0000000709100000, 0x0000000780a00000)
  object space 117760K, 54% used [0x0000000701e00000,0x0000000705cd9208,0x0000000709100000)
 Metaspace       used 31450K, capacity 31764K, committed 32000K, reserved 1077248K
  class space    used 4414K, capacity 4542K, committed 4608K, reserved 1048576K
}

Deoptimization events (10 events):
Event: 18.205 Thread 0x0000000002f16000 Uncommon trap: reason=class_check action=maybe_recompile pc=0x00000000032a1bb8 method=java.util.regex.Matcher.match(II)Z @ 86
Event: 18.205 Thread 0x0000000002f16000 Uncommon trap: reason=class_check action=maybe_recompile pc=0x00000000032a1bb8 method=java.util.regex.Matcher.match(II)Z @ 86
Event: 18.207 Thread 0x0000000002f16000 Uncommon trap: reason=class_check action=maybe_recompile pc=0x00000000032a1bb8 method=java.util.regex.Matcher.match(II)Z @ 86
Event: 18.248 Thread 0x0000000002f16000 Uncommon trap: reason=unstable_if action=reinterpret pc=0x00000000036026f8 method=com.google.common.collect.Hashing.smearedHash(Ljava/lang/Object;)I @ 1
Event: 18.307 Thread 0x0000000002f16000 Uncommon trap: reason=bimorphic action=maybe_recompile pc=0x0000000003585c94 method=java.util.AbstractCollection.toArray()[Ljava/lang/Object; @ 1
Event: 18.308 Thread 0x0000000002f16000 Uncommon trap: reason=bimorphic action=maybe_recompile pc=0x0000000003585c94 method=java.util.AbstractCollection.toArray()[Ljava/lang/Object; @ 1
Event: 18.308 Thread 0x0000000002f16000 Uncommon trap: reason=bimorphic action=maybe_recompile pc=0x0000000003585c94 method=java.util.AbstractCollection.toArray()[Ljava/lang/Object; @ 1
Event: 18.308 Thread 0x0000000002f16000 Uncommon trap: reason=bimorphic action=maybe_recompile pc=0x0000000003585c94 method=java.util.AbstractCollection.toArray()[Ljava/lang/Object; @ 1
Event: 18.933 Thread 0x0000000002f16000 Uncommon trap: reason=unstable_if action=reinterpret pc=0x00000000035f65d8 method=com.google.common.base.AbstractIterator.next()Ljava/lang/Object; @ 4
Event: 20.822 Thread 0x0000000002f16000 Uncommon trap: reason=unstable_if action=reinterpret pc=0x0000000003b4073c method=java.util.regex.Pattern$LastNode.match(Ljava/util/regex/Matcher;ILjava/lang/CharSequence;)Z @ 5

Classes redefined (0 events):
No events

Internal exceptions (10 events):
Event: 10.459 Thread 0x0000000002f16000 NullPointerException at vtable entry 0x0000000003127f20
Event: 10.459 Thread 0x0000000002f16000 Exception <a 'java/lang/NullPointerException'> (0x00000007824da530) thrown at [C:\re\workspace\8-2-build-windows-amd64-cygwin\jdk8u211\12973\hotspot\src\share\vm\runtime\sharedRuntime.cpp, line 605]
Event: 10.461 Thread 0x0000000002f16000 NullPointerException at vtable entry 0x0000000003127f20
Event: 10.461 Thread 0x0000000002f16000 Exception <a 'java/lang/NullPointerException'> (0x00000007824e45d8) thrown at [C:\re\workspace\8-2-build-windows-amd64-cygwin\jdk8u211\12973\hotspot\src\share\vm\runtime\sharedRuntime.cpp, line 605]
Event: 10.463 Thread 0x0000000002f16000 NullPointerException at vtable entry 0x0000000003127f20
Event: 10.463 Thread 0x0000000002f16000 Exception <a 'java/lang/NullPointerException'> (0x00000007824eedb0) thrown at [C:\re\workspace\8-2-build-windows-amd64-cygwin\jdk8u211\12973\hotspot\src\share\vm\runtime\sharedRuntime.cpp, line 605]
Event: 10.823 Thread 0x0000000002f16000 Implicit null exception at 0x0000000003333395 to 0x0000000003333595
Event: 11.485 Thread 0x0000000002f16000 Implicit null exception at 0x0000000003a64981 to 0x0000000003a684fd
Event: 16.723 Thread 0x0000000002f16000 Implicit null exception at 0x00000000033b47ec to 0x00000000033b481b
Event: 18.248 Thread 0x0000000002f16000 Implicit null exception at 0x00000000036022f5 to 0x00000000036026e5

Events (10 events):
Event: 20.697 loading class org/lwjgl/opengl/GL30 done
Event: 20.711 loading class org/lwjgl/opengl/Util
Event: 20.711 loading class org/lwjgl/opengl/Util done
Event: 20.820 loading class org/lwjgl/opengl/GLContext$1
Event: 20.820 loading class org/lwjgl/opengl/GLContext$1 done
Event: 20.822 Thread 0x0000000002f16000 Uncommon trap: trap_request=0xffffff65 fr.pc=0x0000000003b4073c
Event: 20.822 Thread 0x0000000002f16000 DEOPT PACKING pc=0x0000000003b4073c sp=0x0000000002f0d930
Event: 20.822 Thread 0x0000000002f16000 DEOPT UNPACKING pc=0x000000000305583b sp=0x0000000002f0d8d0 mode 2
Event: 20.828 loading class org/lwjgl/opengl/ReferencesStack
Event: 20.828 loading class org/lwjgl/opengl/ReferencesStack done


Dynamic libraries:
0x00007ff74a1f0000 - 0x00007ff74a227000 	C:\Program Files\Java\jre1.8.0_211\bin\javaw.exe
0x00007ffeddc60000 - 0x00007ffedde50000 	C:\WINDOWS\SYSTEM32\ntdll.dll
0x00007ffedcc60000 - 0x00007ffedcd12000 	C:\WINDOWS\System32\KERNEL32.DLL
0x00007ffedb130000 - 0x00007ffedb3d3000 	C:\WINDOWS\System32\KERNELBASE.dll
0x00007ffedc0a0000 - 0x00007ffedc143000 	C:\WINDOWS\System32\ADVAPI32.dll
0x00007ffedd110000 - 0x00007ffedd1ae000 	C:\WINDOWS\System32\msvcrt.dll
0x00007ffedd3c0000 - 0x00007ffedd457000 	C:\WINDOWS\System32\sechost.dll
0x00007ffedd490000 - 0x00007ffedd5b0000 	C:\WINDOWS\System32\RPCRT4.dll
0x00007ffedc150000 - 0x00007ffedc2e3000 	C:\WINDOWS\System32\USER32.dll
0x00007ffedad10000 - 0x00007ffedad31000 	C:\WINDOWS\System32\win32u.dll
0x00007ffedbd30000 - 0x00007ffedbd56000 	C:\WINDOWS\System32\GDI32.dll
0x00007ffedaf90000 - 0x00007ffedb124000 	C:\WINDOWS\System32\gdi32full.dll
0x00007ffedaef0000 - 0x00007ffedaf8e000 	C:\WINDOWS\System32\msvcp_win.dll
0x00007ffedb3e0000 - 0x00007ffedb4da000 	C:\WINDOWS\System32\ucrtbase.dll
0x00007ffecc180000 - 0x00007ffecc405000 	C:\WINDOWS\WinSxS\amd64_microsoft.windows.common-controls_6595b64144ccf1df_6.0.18362.356_none_e6c4af7d130f27cc\COMCTL32.dll
0x00007ffedbd60000 - 0x00007ffedc096000 	C:\WINDOWS\System32\combase.dll
0x00007ffedbc90000 - 0x00007ffedbd10000 	C:\WINDOWS\System32\bcryptPrimitives.dll
0x00007ffedd6d0000 - 0x00007ffedd6fe000 	C:\WINDOWS\System32\IMM32.DLL
0x0000000077f20000 - 0x0000000077ff2000 	C:\Program Files\Java\jre1.8.0_211\bin\msvcr100.dll
0x00000000741e0000 - 0x0000000074a85000 	C:\Program Files\Java\jre1.8.0_211\bin\server\jvm.dll
0x00007ffedd460000 - 0x00007ffedd468000 	C:\WINDOWS\System32\PSAPI.DLL
0x00007ffed5880000 - 0x00007ffed5889000 	C:\WINDOWS\SYSTEM32\WSOCK32.dll
0x00007ffed3f90000 - 0x00007ffed3f9a000 	C:\WINDOWS\SYSTEM32\VERSION.dll
0x00007ffedd1b0000 - 0x00007ffedd21f000 	C:\WINDOWS\System32\WS2_32.dll
0x00007ffed1330000 - 0x00007ffed1354000 	C:\WINDOWS\SYSTEM32\WINMM.dll
0x00007ffed10d0000 - 0x00007ffed10fd000 	C:\WINDOWS\SYSTEM32\winmmbase.dll
0x00007ffedabf0000 - 0x00007ffedac3a000 	C:\WINDOWS\System32\cfgmgr32.dll
0x00007ffed6400000 - 0x00007ffed640f000 	C:\Program Files\Java\jre1.8.0_211\bin\verify.dll
0x00007ffec6420000 - 0x00007ffec6449000 	C:\Program Files\Java\jre1.8.0_211\bin\java.dll
0x00007ffec6400000 - 0x00007ffec6416000 	C:\Program Files\Java\jre1.8.0_211\bin\zip.dll
0x00007ffedc2f0000 - 0x00007ffedc9d5000 	C:\WINDOWS\System32\SHELL32.dll
0x00007ffedd5b0000 - 0x00007ffedd659000 	C:\WINDOWS\System32\shcore.dll
0x00007ffedb510000 - 0x00007ffedbc8e000 	C:\WINDOWS\System32\windows.storage.dll
0x00007ffedab40000 - 0x00007ffedab5f000 	C:\WINDOWS\System32\profapi.dll
0x00007ffedaba0000 - 0x00007ffedabea000 	C:\WINDOWS\System32\powrprof.dll
0x00007ffedab30000 - 0x00007ffedab40000 	C:\WINDOWS\System32\UMPDC.dll
0x00007ffedcc00000 - 0x00007ffedcc52000 	C:\WINDOWS\System32\shlwapi.dll
0x00007ffedab80000 - 0x00007ffedab91000 	C:\WINDOWS\System32\kernel.appcore.dll
0x00007ffedacf0000 - 0x00007ffedad07000 	C:\WINDOWS\System32\cryptsp.dll
0x00007ffed63f0000 - 0x00007ffed63fd000 	C:\Program Files\Java\jre1.8.0_211\bin\management.dll
0x00007ffec62f0000 - 0x00007ffec630a000 	C:\Program Files\Java\jre1.8.0_211\bin\net.dll
0x00007ffecdd70000 - 0x00007ffecdf46000 	C:\WINDOWS\SYSTEM32\urlmon.dll
0x00007ffecdac0000 - 0x00007ffecdd66000 	C:\WINDOWS\SYSTEM32\iertutil.dll
0x00007ffeda570000 - 0x00007ffeda57c000 	C:\WINDOWS\SYSTEM32\CRYPTBASE.DLL
0x00007ffeda3a0000 - 0x00007ffeda407000 	C:\WINDOWS\system32\mswsock.dll
0x00007ffea3c00000 - 0x00007ffea3c16000 	C:\WINDOWS\system32\napinsp.dll
0x00007ffea39d0000 - 0x00007ffea39ea000 	C:\WINDOWS\system32\pnrpnsp.dll
0x00007ffeda0f0000 - 0x00007ffeda1ba000 	C:\WINDOWS\SYSTEM32\DNSAPI.dll
0x00007ffedd480000 - 0x00007ffedd488000 	C:\WINDOWS\System32\NSI.dll
0x00007ffeda0b0000 - 0x00007ffeda0ea000 	C:\WINDOWS\SYSTEM32\IPHLPAPI.DLL
0x00007ffec4520000 - 0x00007ffec452e000 	C:\WINDOWS\System32\winrnr.dll
0x00007ffed5e00000 - 0x00007ffed5e1c000 	C:\WINDOWS\system32\NLAapi.dll
0x00007ffed6f10000 - 0x00007ffed6f25000 	C:\WINDOWS\system32\wshbth.dll
0x00007ffed58d0000 - 0x00007ffed58da000 	C:\Windows\System32\rasadhlp.dll
0x00007ffed4890000 - 0x00007ffed4907000 	C:\WINDOWS\System32\fwpuclnt.dll
0x00007ffedb4e0000 - 0x00007ffedb506000 	C:\WINDOWS\System32\bcrypt.dll
0x00007ffec4660000 - 0x00007ffec4672000 	C:\Program Files\Java\jre1.8.0_211\bin\nio.dll
0x00007ffed9f10000 - 0x00007ffed9f43000 	C:\WINDOWS\system32\rsaenh.dll
0x00007ffedaa50000 - 0x00007ffedaa75000 	C:\WINDOWS\SYSTEM32\USERENV.dll
0x00007ffed4d30000 - 0x00007ffed4d46000 	C:\WINDOWS\SYSTEM32\dhcpcsvc6.DLL
0x00007ffed4cc0000 - 0x00007ffed4cdc000 	C:\WINDOWS\SYSTEM32\dhcpcsvc.DLL
0x00007ffeaa290000 - 0x00007ffeaa2d2000 	C:\Users\light.MSI\AppData\Local\Temp\jna-102970646\jna2984330027952534647.dll
0x0000000180000000 - 0x0000000180053000 	C:\Users\light.MSI\.gradle\caches\minecraft\net\minecraft\natives\1.12.2\lwjgl64.dll
0x00007ffebcb40000 - 0x00007ffebcc96000 	C:\WINDOWS\SYSTEM32\OPENGL32.dll
0x00007ffec6310000 - 0x00007ffec633c000 	C:\WINDOWS\SYSTEM32\GLU32.dll
0x00007ffed97a0000 - 0x00007ffed97c0000 	C:\WINDOWS\SYSTEM32\dxcore.dll
0x00007ffe95e50000 - 0x00007ffe95fe9000 	C:\Program Files\Java\jre1.8.0_211\bin\awt.dll
0x00007ffedd2f0000 - 0x00007ffedd3b4000 	C:\WINDOWS\System32\OLEAUT32.dll
0x00007ffed8500000 - 0x00007ffed858f000 	C:\WINDOWS\SYSTEM32\apphelp.dll
0x00007ffed6540000 - 0x00007ffed65ee000 	C:\WINDOWS\SYSTEM32\mscms.dll
0x00007ffed6490000 - 0x00007ffed64a7000 	C:\WINDOWS\SYSTEM32\ColorAdapterClient.dll
0x00007ffedd700000 - 0x00007ffedd7a2000 	C:\WINDOWS\System32\clbcatq.dll
0x00007ffec2bb0000 - 0x00007ffec2bca000 	C:\Windows\System32\Windows.Internal.Graphics.Display.DisplayColorManagement.dll
0x00007ffed8df0000 - 0x00007ffed8e89000 	C:\WINDOWS\system32\uxtheme.dll
0x00007ffedcac0000 - 0x00007ffedcbf5000 	C:\WINDOWS\System32\MSCTF.dll
0x00007ffea6800000 - 0x00007ffea6838000 	C:\Program Files\Nahimic\Nahimic2\UserInterface\x64\Nahimic2DevProps.dll
0x00007ffedcf30000 - 0x00007ffedd086000 	C:\WINDOWS\System32\ole32.dll
0x00007ffed5160000 - 0x00007ffed51ad000 	C:\Program Files\Nahimic\Nahimic2\UserInterface\x64\Nahimic2OSD.dll
0x00007ffed5720000 - 0x00007ffed5798000 	C:\WINDOWS\System32\MMDevApi.dll
0x00007ffeda930000 - 0x00007ffeda95a000 	C:\WINDOWS\System32\DEVOBJ.dll
0x00007ffed58f0000 - 0x00007ffed5a4d000 	C:\WINDOWS\SYSTEM32\AUDIOSES.DLL
0x00007ffed75f0000 - 0x00007ffed7743000 	C:\WINDOWS\SYSTEM32\wintypes.dll
0x00007ffed87c0000 - 0x00007ffed88af000 	C:\WINDOWS\SYSTEM32\PropSys.dll
0x0000000075320000 - 0x00000000779be000 	C:\WINDOWS\System32\DriverStore\FileRepository\nvmi.inf_amd64_9cd951c47b0da577\nvoglv64.dll
0x00007ffedd7b0000 - 0x00007ffeddc20000 	C:\WINDOWS\System32\SETUPAPI.dll
0x00007ffed6030000 - 0x00007ffed6043000 	C:\WINDOWS\SYSTEM32\WTSAPI32.dll
0x00007ffedae90000 - 0x00007ffedaeec000 	C:\WINDOWS\System32\WINTRUST.dll
0x00007ffedab60000 - 0x00007ffedab72000 	C:\WINDOWS\System32\MSASN1.dll
0x00007ffedad40000 - 0x00007ffedae89000 	C:\WINDOWS\System32\CRYPT32.dll
0x00007ffed9b90000 - 0x00007ffed9bc1000 	C:\WINDOWS\SYSTEM32\ntmarta.dll
0x00007ffed9320000 - 0x00007ffed934d000 	C:\WINDOWS\system32\dwmapi.dll
0x00007ffec0580000 - 0x00007ffec0737000 	C:\WINDOWS\system32\nvspcap64.dll
0x00007ffed4f80000 - 0x00007ffed5070000 	C:\WINDOWS\SYSTEM32\WINHTTP.dll
0x00007ffed2a30000 - 0x00007ffed2a73000 	C:\WINDOWS\SYSTEM32\icm32.dll
0x00007ffed9c00000 - 0x00007ffed9c5c000 	C:\WINDOWS\SYSTEM32\WINSTA.dll
0x00007ffec5450000 - 0x00007ffec5617000 	C:\WINDOWS\SYSTEM32\d3d9.dll
0x00007ffed32b0000 - 0x00007ffed34a4000 	C:\WINDOWS\SYSTEM32\dbghelp.dll

VM Arguments:
jvm_args: -DFORGE_FORCE_FRAME_RECALC=true -Dfile.encoding=Cp1252 
java_command: GradleStart
java_class_path (initial): F:\Jacks Computer\Coding\Minecraft Modding\DnD Mod 1.12.2\bin;C:\Users\light.MSI\.gradle\caches\minecraft\net\minecraftforge\forge\1.12.2-14.23.5.2838\snapshot\20171003\forgeSrc-1.12.2-14.23.5.2838.jar;C:\Users\light.MSI\.gradle\caches\modules-2\files-2.1\com.google.code.findbugs\jsr305\3.0.1\f7be08ec23c21485b9b5a1cf1654c2ec8c58168d\jsr305-3.0.1.jar;C:\Users\light.MSI\.gradle\caches\modules-2\files-2.1\com.mojang\patchy\1.1\aef610b34a1be37fa851825f12372b78424d8903\patchy-1.1.jar;C:\Users\light.MSI\.gradle\caches\modules-2\files-2.1\oshi-project\oshi-core\1.1\9ddf7b048a8d701be231c0f4f95fd986198fd2d8\oshi-core-1.1.jar;C:\Users\light.MSI\.gradle\caches\modules-2\files-2.1\net.java.dev.jna\jna\4.4.0\cb208278274bf12ebdb56c61bd7407e6f774d65a\jna-4.4.0.jar;C:\Users\light.MSI\.gradle\caches\modules-2\files-2.1\net.java.dev.jna\platform\3.4.0\e3f70017be8100d3d6923f50b3d2ee17714e9c13\platform-3.4.0.jar;C:\Users\light.MSI\.gradle\caches\modules-2\files-2.1\com.ibm.icu\icu4j-core-mojang\51.2\63d216a9311cca6be337c1e458e587f99d382b84\icu4j-core-mojang-51.2.jar;C:\Users\light.MSI\.gradle\caches\modules-2\files-2.1\net.sf.jopt-simple\jopt-simple\5.0.3\cdd846cfc4e0f7eefafc02c0f5dce32b9303aa2a\jopt-simple-5.0.3.jar;C:\Users\light.MSI\.gradle\caches\modules-2\files-2.1\io.netty\netty-all\4.1.9.Final\97860965d6a0a6b98e7f569f3f966727b8db75\netty-all-4.1.9.Final.jar;C:\Users\light.MSI\.gradle\caches\modules-2\files-2.1\com.google.guava\guava\21.0\3a3d111be1be1b745edfa7d91678a12d7ed38709\guava-21.0.jar;C:\Users\light.MSI\.gradle\caches\modules-2\files-2.1\org.apache.commons\commons-lang3\3.5\6c6c702c89bfff3cd9e80b04d668c5e190d588c6\commons-lang3-3.5.jar;C:\Users\light.MSI\.gradle\caches\modules-2\files-2.1\commons-io\commons-io\2.5\2852e6e05fbb95076fc091f6d1780f1f8fe35e0f\commons-io-2.5.jar;C:\Users\light.MSI\.gradle\caches\modules-2\files-2.1\commons-codec\commons-codec\1.10\4b95f4897fa13f2cd904aee711aeafc0c5295cd8\commons-codec-1.10.jar;C:\Users\light.MSI\.g
Launcher Type: SUN_STANDARD

Environment Variables:
JAVA_HOME=C:\Program Files\Java\jdk1.8.0_211
PATH=C:/Program Files/Java/jre1.8.0_211/bin/server;C:/Program Files/Java/jre1.8.0_211/bin;C:/Program Files/Java/jre1.8.0_211/lib/amd64;C:\ProgramData\Oracle\Java\javapath;C:\Program Files (x86)\Intel\iCLS Client\;C:\Program Files\Intel\iCLS Client\;C:\Windows\system32;C:\Windows;C:\Windows\System32\Wbem;C:\Windows\System32\WindowsPowerShell\v1.0\;C:\Program Files (x86)\Intel\Intel(R) Management Engine Components\DAL;C:\Program Files\Intel\Intel(R) Management Engine Components\DAL;C:\Program Files (x86)\Intel\Intel(R) Management Engine Components\IPT;C:\Program Files\Intel\Intel(R) Management Engine Components\IPT;C:\Program Files\Intel\WiFi\bin\;C:\Program Files\Common Files\Intel\WirelessCommon\;C:\WINDOWS\system32;C:\WINDOWS;C:\WINDOWS\System32\Wbem;C:\WINDOWS\System32\WindowsPowerShell\v1.0\;C:\Program Files (x86)\NVIDIA Corporation\PhysX\Common;C:\WINDOWS\system32;C:\WINDOWS;C:\WINDOWS\System32\Wbem;C:\WINDOWS\System32\WindowsPowerShell\v1.0\;D:\Brackets\command;D:\WorldPainter;C:\WINDOWS\System32\OpenSSH\;C:\Program Files\Java\jdk1.8.0_211\bin;C:\Users\light.MSI\AppData\Local\Microsoft\WindowsApps;;C:\WINDOWS\System32;
USERNAME=light
OS=Windows_NT
PROCESSOR_IDENTIFIER=Intel64 Family 6 Model 94 Stepping 3, GenuineIntel



---------------  S Y S T E M  ---------------

OS: Windows 10.0 , 64 bit Build 18362 (10.0.18362.329)

CPU:total 8 (initial active 8) (4 cores per cpu, 2 threads per core) family 6 model 94 stepping 3, cmov, cx8, fxsr, mmx, sse, sse2, sse3, ssse3, sse4.1, sse4.2, popcnt, avx, avx2, aes, clmul, erms, rtm, 3dnowpref, lzcnt, ht, tsc, tscinvbit, bmi1, bmi2, adx

Memory: 4k page, physical 12456056k(626312k free), swap 24892012k(3340428k free)

vm_info: Java HotSpot(TM) 64-Bit Server VM (25.211-b12) for windows-amd64 JRE (1.8.0_211-b12), built on Apr  1 2019 20:53:26 by "java_re" with MS VC++ 10.0 (VS2010)

time: Fri Sep 20 20:29:34 2019
timezone: Central Daylight Time
elapsed time: 21 seconds (0d 0h 0m 21s)

